<?xml version="1.0" encoding="UTF-8"?>
<testsuite name="easypool.TestObjectPool" tests="1" skipped="0" failures="0" errors="0" timestamp="2016-08-11T15:07:30" hostname="michael-desktop" time="0.024">
  <properties/>
  <testcase name="testObjectPool" classname="easypool.TestObjectPool" time="0.024"/>
  <system-out><![CDATA[Object with process no. 1 was created
Object with process no. 2 was created
Object with process no. 3 was created
Object with process no. 4 was created
Thread 2: Object with process no. 2 was borrowed
Thread 1: Object with process no. 1 was borrowed
Thread 1: Object with process no. 1 was returned
Thread 3: Object with process no. 3 was borrowed
Thread 4: Object with process no. 4 was borrowed
Thread 2: Object with process no. 2 was returned
Thread 4: Object with process no. 4 was returned
Thread 5: Object with process no. 1 was borrowed
Thread 5: Object with process no. 1 was returned
Thread 6: Object with process no. 3 was borrowed
Thread 6: Object with process no. 3 was returned
Thread 7: Object with process no. 2 was borrowed
Thread 7: Object with process no. 2 was returned
Thread 8: Object with process no. 4 was borrowed
Thread 8: Object with process no. 4 was returned
Thread 3: Object with process no. 3 was returned
]]></system-out>
  <system-err><![CDATA[]]></system-err>
</testsuite>
